  BISA.cpp
C:\Users\John Lin\Desktop\big-int-computer-master\BigIntComputer\BISA.cpp(33,29): warning C4267: '正在初始化': 將 'size_t' 轉換為 'int'，資料可能遺失
C:\Users\John Lin\Desktop\big-int-computer-master\BigIntComputer\BISA.cpp(33,54): warning C4267: '正在初始化': 將 'size_t' 轉換為 'int'，資料可能遺失
C:\Users\John Lin\Desktop\big-int-computer-master\BigIntComputer\BISA.cpp(61,27): warning C4267: '=': 將 'size_t' 轉換為 'int'，資料可能遺失
C:\Users\John Lin\Desktop\big-int-computer-master\BigIntComputer\BISA.cpp(62,28): warning C4267: '=': 將 'size_t' 轉換為 'int'，資料可能遺失
C:\Users\John Lin\Desktop\big-int-computer-master\BigIntComputer\BISA.cpp(96,29): warning C4267: '正在初始化': 將 'size_t' 轉換為 'int'，資料可能遺失
C:\Users\John Lin\Desktop\big-int-computer-master\BigIntComputer\BISA.cpp(96,54): warning C4267: '正在初始化': 將 'size_t' 轉換為 'int'，資料可能遺失
C:\Users\John Lin\Desktop\big-int-computer-master\BigIntComputer\BISA.cpp(127,29): warning C4267: '=': 將 'size_t' 轉換為 'int'，資料可能遺失
C:\Users\John Lin\Desktop\big-int-computer-master\BigIntComputer\BISA.cpp(128,30): warning C4267: '=': 將 'size_t' 轉換為 'int'，資料可能遺失
C:\Users\John Lin\Desktop\big-int-computer-master\BigIntComputer\BISA.cpp(145,31): warning C4267: '=': 將 'size_t' 轉換為 'int'，資料可能遺失
C:\Users\John Lin\Desktop\big-int-computer-master\BigIntComputer\BISA.cpp(146,32): warning C4267: '=': 將 'size_t' 轉換為 'int'，資料可能遺失
  Complex.cpp
  Decimal.cpp
  Integer.cpp
  main.cpp
  Number.cpp
C:\Users\John Lin\Desktop\big-int-computer-master\BigIntComputer\Number.cpp(216,35): warning C4267: '正在初始化': 將 'size_t' 轉換為 'int'，資料可能遺失
C:\Users\John Lin\Desktop\big-int-computer-master\BigIntComputer\Number.cpp(695,3): warning C4267: '正在初始化': 將 'size_t' 轉換為 'int'，資料可能遺失
C:\Users\John Lin\Desktop\big-int-computer-master\BigIntComputer\Number.cpp(1281,2): warning C4267: '正在初始化': 將 'size_t' 轉換為 'int'，資料可能遺失
C:\Users\John Lin\Desktop\big-int-computer-master\BigIntComputer\Number.cpp(1283,31): warning C4267: '=': 將 'size_t' 轉換為 'int'，資料可能遺失
C:\Users\John Lin\Desktop\big-int-computer-master\BigIntComputer\Number.cpp(1285,3): warning C4267: '正在初始化': 將 'size_t' 轉換為 'int'，資料可能遺失
C:\Users\John Lin\Desktop\big-int-computer-master\BigIntComputer\Number.cpp(1326,2): warning C4267: '正在初始化': 將 'size_t' 轉換為 'int'，資料可能遺失
C:\Users\John Lin\Desktop\big-int-computer-master\BigIntComputer\Number.cpp(1398,41): warning C4267: '正在初始化': 將 'size_t' 轉換為 'int'，資料可能遺失
C:\Users\John Lin\Desktop\big-int-computer-master\BigIntComputer\Number.cpp(1435,25): warning C4267: '正在初始化': 將 'size_t' 轉換為 'int'，資料可能遺失
C:\Users\John Lin\Desktop\big-int-computer-master\BigIntComputer\Number.cpp(1436,26): warning C4267: '正在初始化': 將 'size_t' 轉換為 'int'，資料可能遺失
C:\Users\John Lin\Desktop\big-int-computer-master\BigIntComputer\Number.cpp(1470,29): warning C4267: '正在初始化': 將 'size_t' 轉換為 'int'，資料可能遺失
C:\Users\John Lin\Desktop\big-int-computer-master\BigIntComputer\Number.cpp(1546,46): warning C4267: '=': 將 'size_t' 轉換為 'int'，資料可能遺失
C:\Users\John Lin\Desktop\big-int-computer-master\BigIntComputer\Number.cpp(1546,73): warning C4267: '=': 將 'size_t' 轉換為 'int'，資料可能遺失
C:\Users\John Lin\Desktop\big-int-computer-master\BigIntComputer\Number.cpp(1548,22): warning C4267: '正在初始化': 將 'size_t' 轉換為 'int'，資料可能遺失
C:\Users\John Lin\Desktop\big-int-computer-master\BigIntComputer\Number.cpp(1657,46): warning C4267: '=': 將 'size_t' 轉換為 'int'，資料可能遺失
C:\Users\John Lin\Desktop\big-int-computer-master\BigIntComputer\Number.cpp(1657,73): warning C4267: '=': 將 'size_t' 轉換為 'int'，資料可能遺失
C:\Users\John Lin\Desktop\big-int-computer-master\BigIntComputer\Number.cpp(1659,22): warning C4267: '正在初始化': 將 'size_t' 轉換為 'int'，資料可能遺失
  正在產生程式碼
  Previous IPDB not found, fall back to full compilation.
C:\Users\John Lin\Desktop\big-int-computer-master\BigIntComputer\Number.cpp(1454): warning C4715: 'Number::cmp': 不是所有控制路徑都傳回值
  All 671 functions were compiled because no usable IPDB/IOBJ from previous compilation was found.
  已完成程式碼產生
  BigIntComputer.vcxproj -> C:\Users\John Lin\Desktop\big-int-computer-master\x64\Release\BigIntComputer.exe
